Removed Pin From Net: NetName=24V Pin=R39-2
Removed Pin From Net: NetName=BATT+ Pin=R48-2
Removed Pin From Net: NetName=NetD8_2 Pin=R49-1
Removed Pin From Net: NetName=NetD9_2 Pin=R50-1
Removed Pin From Net: NetName=NetR35_2 Pin=R60-1
Removed Pin From Net: NetName=COIL_EN Pin=R60-2
Removed Member From Class: ClassName=power_input_SCH1 Member=R48
Removed Member From Class: ClassName=power_input_SCH1 Member=R49
Removed Member From Class: ClassName=power_input_SCH1 Member=R50
Change component parameters: Designator = "R38"; Footprint = "chip_0805"; UniqueID = "\MUZPFQWS"
Change component parameters. Clean all parameters for all variants
Change component parameters (AddParameter): Name = "Manufacturer"; Value = "Rohm Semiconductor"; VariantName = "[No Variations]"
Change component parameters (AddParameter): Name = "Manufacturer PN"; Value = "KTR10EZPF1002"; VariantName = "[No Variations]"
Change component parameters (AddParameter): Name = "Part Number"; Value = "RES-00307"; VariantName = "[No Variations]"
Change component parameters (AddParameter): Name = "Power Rating"; Value = "0.125W"; VariantName = "[No Variations]"
Change component parameters (AddParameter): Name = "Resistance"; Value = "10k"; VariantName = "[No Variations]"
Change component parameters (AddParameter): Name = "Tolerance"; Value = "1%"; VariantName = "[No Variations]"
Change component parameters: Designator = "R39"; Footprint = "chip_0805"; UniqueID = "\IZCEQWOG"
Change component parameters. Clean all parameters for all variants
Change component parameters (AddParameter): Name = "Manufacturer"; Value = "Rohm Semiconductor"; VariantName = "[No Variations]"
Change component parameters (AddParameter): Name = "Manufacturer PN"; Value = "KTR10EZPF1002"; VariantName = "[No Variations]"
Change component parameters (AddParameter): Name = "Part Number"; Value = "RES-00307"; VariantName = "[No Variations]"
Change component parameters (AddParameter): Name = "Power Rating"; Value = "0.125W"; VariantName = "[No Variations]"
Change component parameters (AddParameter): Name = "Resistance"; Value = "10k"; VariantName = "[No Variations]"
Change component parameters (AddParameter): Name = "Tolerance"; Value = "1%"; VariantName = "[No Variations]"
Change component parameters: Designator = "R47"; Footprint = "chip_0805"; UniqueID = "\LCNUSWBJ"
Change component parameters. Clean all parameters for all variants
Change component parameters (AddParameter): Name = "Manufacturer"; Value = "Rohm Semiconductor"; VariantName = "[No Variations]"
Change component parameters (AddParameter): Name = "Manufacturer PN"; Value = "KTR10EZPF1002"; VariantName = "[No Variations]"
Change component parameters (AddParameter): Name = "Part Number"; Value = "RES-00307"; VariantName = "[No Variations]"
Change component parameters (AddParameter): Name = "Power Rating"; Value = "0.125W"; VariantName = "[No Variations]"
Change component parameters (AddParameter): Name = "Resistance"; Value = "10k"; VariantName = "[No Variations]"
Change component parameters (AddParameter): Name = "Tolerance"; Value = "1%"; VariantName = "[No Variations]"
Change component parameters: Designator = "R59"; Footprint = "chip_0805"; UniqueID = "\PIHQWUJZ"
Change component parameters. Clean all parameters for all variants
Change component parameters (AddParameter): Name = "Manufacturer"; Value = "Rohm Semiconductor"; VariantName = "[No Variations]"
Change component parameters (AddParameter): Name = "Manufacturer PN"; Value = "KTR10EZPF2001"; VariantName = "[No Variations]"
Change component parameters (AddParameter): Name = "Part Number"; Value = "RES-00414"; VariantName = "[No Variations]"
Change component parameters (AddParameter): Name = "Power Rating"; Value = "0.125W"; VariantName = "[No Variations]"
Change component parameters (AddParameter): Name = "Resistance"; Value = "2k"; VariantName = "[No Variations]"
Change component parameters (AddParameter): Name = "Tolerance"; Value = "1%"; VariantName = "[No Variations]"
Change component parameters: Designator = "R60"; Footprint = "chip_0805"; UniqueID = "\NPGVLWXY"
Change component parameters. Clean all parameters for all variants
Change component parameters (AddParameter): Name = "Manufacturer"; Value = "Rohm Semiconductor"; VariantName = "[No Variations]"
Change component parameters (AddParameter): Name = "Manufacturer PN"; Value = "KTR10EZPF2001"; VariantName = "[No Variations]"
Change component parameters (AddParameter): Name = "Part Number"; Value = "RES-00414"; VariantName = "[No Variations]"
Change component parameters (AddParameter): Name = "Power Rating"; Value = "0.125W"; VariantName = "[No Variations]"
Change component parameters (AddParameter): Name = "Resistance"; Value = "2k"; VariantName = "[No Variations]"
Change component parameters (AddParameter): Name = "Tolerance"; Value = "1%"; VariantName = "[No Variations]"
Change component parameters: Designator = "D7"; Footprint = "chip_0603"; UniqueID = "\DRQBGJKS"
Change component parameters. Clean all parameters for all variants
Change component parameters (AddParameter): Name = "Cost"; Value = "0.58"; VariantName = "[No Variations]"
Change component parameters (AddParameter): Name = "Current Rating"; Value = "30mA"; VariantName = "[No Variations]"
Change component parameters (AddParameter): Name = "Forward Voltage"; Value = "2.65V"; VariantName = "[No Variations]"
Change component parameters (AddParameter): Name = "Manufacturer"; Value = "Kingbright"; VariantName = "[No Variations]"
Change component parameters (AddParameter): Name = "Manufacturer PN"; Value = "APT1608LZGCK"; VariantName = "[No Variations]"
Change component parameters (AddParameter): Name = "Part Number"; Value = "DIO-00050"; VariantName = "[No Variations]"
Change component parameters (AddParameter): Name = "Power Rating"; Value = "120mW"; VariantName = "[No Variations]"
Change component parameters (AddParameter): Name = "Reverse Breakdown Voltage"; Value = "5V"; VariantName = "[No Variations]"
Change component parameters (AddParameter): Name = "Tolerance"; Value = ""; VariantName = "[No Variations]"
Change component parameters (AddParameter): Name = "Type"; Value = "LED"; VariantName = "[No Variations]"
Change component parameters: Designator = "D8"; Footprint = "chip_0603"; UniqueID = "\PGVAGKOO"
Change component parameters. Clean all parameters for all variants
Change component parameters (AddParameter): Name = "Cost"; Value = "0.58"; VariantName = "[No Variations]"
Change component parameters (AddParameter): Name = "Current Rating"; Value = "30mA"; VariantName = "[No Variations]"
Change component parameters (AddParameter): Name = "Forward Voltage"; Value = "2.65V"; VariantName = "[No Variations]"
Change component parameters (AddParameter): Name = "Manufacturer"; Value = "Kingbright"; VariantName = "[No Variations]"
Change component parameters (AddParameter): Name = "Manufacturer PN"; Value = "APT1608LZGCK"; VariantName = "[No Variations]"
Change component parameters (AddParameter): Name = "Part Number"; Value = "DIO-00050"; VariantName = "[No Variations]"
Change component parameters (AddParameter): Name = "Power Rating"; Value = "120mW"; VariantName = "[No Variations]"
Change component parameters (AddParameter): Name = "Reverse Breakdown Voltage"; Value = "5V"; VariantName = "[No Variations]"
Change component parameters (AddParameter): Name = "Tolerance"; Value = ""; VariantName = "[No Variations]"
Change component parameters (AddParameter): Name = "Type"; Value = "LED"; VariantName = "[No Variations]"
Change component parameters: Designator = "D9"; Footprint = "chip_0603"; UniqueID = "\NPDLMXKE"
Change component parameters. Clean all parameters for all variants
Change component parameters (AddParameter): Name = "Cost"; Value = "0.58"; VariantName = "[No Variations]"
Change component parameters (AddParameter): Name = "Current Rating"; Value = "30mA"; VariantName = "[No Variations]"
Change component parameters (AddParameter): Name = "Forward Voltage"; Value = "2.65V"; VariantName = "[No Variations]"
Change component parameters (AddParameter): Name = "Manufacturer"; Value = "Kingbright"; VariantName = "[No Variations]"
Change component parameters (AddParameter): Name = "Manufacturer PN"; Value = "APT1608LZGCK"; VariantName = "[No Variations]"
Change component parameters (AddParameter): Name = "Part Number"; Value = "DIO-00050"; VariantName = "[No Variations]"
Change component parameters (AddParameter): Name = "Power Rating"; Value = "120mW"; VariantName = "[No Variations]"
Change component parameters (AddParameter): Name = "Reverse Breakdown Voltage"; Value = "5V"; VariantName = "[No Variations]"
Change component parameters (AddParameter): Name = "Tolerance"; Value = ""; VariantName = "[No Variations]"
Change component parameters (AddParameter): Name = "Type"; Value = "LED"; VariantName = "[No Variations]"
Added Pin To Net: NetName=24V Pin=R38-2
Added Pin To Net: NetName=BATT+ Pin=R39-1
Added Pin To Net: NetName=NetD8_2 Pin=R39-2
Added Pin To Net: NetName=NetD9_2 Pin=R47-1
Added Pin To Net: NetName=COIL_EN Pin=R60-1
Added Pin To Net: NetName=NetR35_2 Pin=R60-2
