CAMtasticDXP Drill Report
Serial Number:0000-00-00000
Drill File: D:\adam\Documents\CWRU\CWRUbotix\NASA_RMC\2019-20\PMS\Altium\Project Outputs for Power_Management_System\pth_drills.drl
Format: 2.3
Units: English (Inch)
Step & Repeat Codes Used: NO


TOOL		SIZE		COUNT
====		======		=====

 1 		0.0500		6
 2 		0.0300		9
 3 		0.0650		40
 4 		0.0827		7
 5 		0.0512		8
 6 		0.0492		6
 7 		0.0748		2
 8 		0.1457		1
 9 		0.0689		2
 10 		0.0400		3
 11 		0.0760		60
 12 		0.1559		8
 13 		0.0413		14
 14 		0.1640		1
 15 		0.1640		1
 16 		0.1640		1
 17 		0.1640		1
 18 		0.0197		90
 19 		0.0157		20
